Arguments: 
  /home/g7m7t1/.nvm/versions/node/v16.15.1/bin/node /home/g7m7t1/.nvm/versions/node/v16.15.1/bin/yarn add -D @typescript/parser @typescript/eslint-plugin

PATH: 
  /home/g7m7t1/.vscode-server/bin/c3511e6c69bb39013c4a4b7b9566ec1ca73fc4d5/bin/remote-cli:/home/g7m7t1/.nvm/versions/node/v16.15.1/bin:/usr/local/sbin:/usr/local/bin:/usr/sbin:/usr/bin:/sbin:/bin:/usr/games:/usr/local/games:/usr/lib/wsl/lib:/mnt/c/Program Files/WindowsApps/CanonicalGroupLimited.UbuntuonWindows_2004.2020.424.0_x64__79rhkp1fndgsc:/mnt/c/Python310/Scripts/:/mnt/c/Python310/:/mnt/c/Windows/system32:/mnt/c/Windows:/mnt/c/Windows/System32/Wbem:/mnt/c/Windows/System32/WindowsPowerShell/v1.0/:/mnt/c/Windows/System32/OpenSSH/:/mnt/c/Program Files/dotnet/:/mnt/c/Program Files/nodejs/:/mnt/c/ProgramData/chocolatey/bin:/mnt/c/Program Files/Git/cmd:/mnt/c/Program Files/Go/bin:/mnt/c/Program Files/NVIDIA Corporation/NVIDIA NvDLISR:/mnt/c/Program Files (x86)/NVIDIA Corporation/PhysX/Common:/mnt/c/Users/g7m7t/anaconda3:/mnt/c/Users/g7m7t/anaconda3/Library/mingw-w64/bin:/mnt/c/Users/g7m7t/anaconda3/Library/usr/bin:/mnt/c/Users/g7m7t/anaconda3/Library/bin:/mnt/c/Users/g7m7t/anaconda3/Scripts:/mnt/c/Users/g7m7t/AppData/Local/Microsoft/WindowsApps:/mnt/c/Users/g7m7t/AppData/Roaming/npm:/mnt/c/Users/g7m7t/AppData/Local/GitHubDesktop/bin:/mnt/d/Microsoft VS Code/bin:/mnt/d/Espanso:/mnt/c/Users/g7m7t/go/bin:/snap/bin

Yarn version: 
  1.22.18

Node version: 
  16.15.1

Platform: 
  linux x64

Trace: 
  Error: https://registry.yarnpkg.com/@typescript%2fparser: Not found
      at Request.params.callback [as _callback] (/home/g7m7t1/.nvm/versions/node/v16.15.1/lib/node_modules/yarn/lib/cli.js:66138:18)
      at Request.self.callback (/home/g7m7t1/.nvm/versions/node/v16.15.1/lib/node_modules/yarn/lib/cli.js:140883:22)
      at Request.emit (node:events:527:28)
      at Request.<anonymous> (/home/g7m7t1/.nvm/versions/node/v16.15.1/lib/node_modules/yarn/lib/cli.js:141855:10)
      at Request.emit (node:events:527:28)
      at IncomingMessage.<anonymous> (/home/g7m7t1/.nvm/versions/node/v16.15.1/lib/node_modules/yarn/lib/cli.js:141777:12)
      at Object.onceWrapper (node:events:641:28)
      at IncomingMessage.emit (node:events:539:35)
      at endReadableNT (node:internal/streams/readable:1345:12)
      at processTicksAndRejections (node:internal/process/task_queues:83:21)

npm manifest: 
  {
    "name": "shion",
    "version": "1.0.0",
    "main": "index.js",
    "license": "MIT",
    "devDependencies": {
      "typescript": "^4.7.3"
    }
  }

yarn manifest: 
  No manifest

Lockfile: 
  # THIS IS AN AUTOGENERATED FILE. DO NOT EDIT THIS FILE DIRECTLY.
  # yarn lockfile v1
  
  
  typescript@^4.7.3:
    version "4.7.3"
    resolved "https://registry.yarnpkg.com/typescript/-/typescript-4.7.3.tgz#8364b502d5257b540f9de4c40be84c98e23a129d"
    integrity sha512-WOkT3XYvrpXx4vMMqlD+8R8R37fZkjyLGlxavMc4iB8lrl8L0DeTcHbYgw/v0N/z9wAFsgBhcsF0ruoySS22mA==
